backend/src/index.ts(14,28): error TS7016: Could not find a declaration file for module './routes/webhooks'. '/home/jevenson/dietwise/backend/src/routes/webhooks.js' implicitly has an 'any' type.
components/FoodLog.tsx(6,79): error TS2307: Cannot find module '@utils/smartSuggestions' or its corresponding type declarations.
components/FoodLog.tsx(227,36): error TS7006: Parameter 'suggestion' implicitly has an 'any' type.
components/FoodLog.tsx(227,48): error TS7006: Parameter 'index' implicitly has an 'any' type.
services/geminiService.ts(188,19): error TS18048: 'response.text' is possibly 'undefined'.
services/geminiService.ts(203,113): error TS18048: 'response.text' is possibly 'undefined'.
services/geminiService.ts(208,118): error TS18048: 'response.text' is possibly 'undefined'.
src/App.refactored.tsx(31,27): error TS2307: Cannot find module '@components/layout/AppHeader' or its corresponding type declarations.
src/App.refactored.tsx(32,27): error TS2307: Cannot find module '@components/layout/AppFooter' or its corresponding type declarations.
src/App.refactored.tsx(33,36): error TS2307: Cannot find module '@components/navigation/TabNavigation' or its corresponding type declarations.
src/App.refactored.tsx(36,32): error TS2307: Cannot find module '@hooks/useUserProfile' or its corresponding type declarations.
src/App.refactored.tsx(37,28): error TS2307: Cannot find module '@hooks/useFoodLog' or its corresponding type declarations.
src/App.refactored.tsx(38,35): error TS2307: Cannot find module '@hooks/useWeightTracking' or its corresponding type declarations.
src/App.refactored.tsx(39,27): error TS2307: Cannot find module '@hooks/useModals' or its corresponding type declarations.
src/App.refactored.tsx(46,68): error TS2307: Cannot find module '@utils/dataLimits' or its corresponding type declarations.
src/App.refactored.tsx(282,13): error TS2322: Type '(id: any, updates: any) => void' is not assignable to type '(food: MyFoodItem) => void'.
  Target signature provides too few arguments. Expected 2 or more, but got 1.
src/App.refactored.tsx(282,28): error TS7006: Parameter 'id' implicitly has an 'any' type.
src/App.refactored.tsx(282,32): error TS7006: Parameter 'updates' implicitly has an 'any' type.
src/App.refactored.tsx(287,13): error TS2322: Type '(id: any, updates: any) => void' is not assignable to type '(meal: MyMeal) => void'.
  Target signature provides too few arguments. Expected 2 or more, but got 1.
src/App.refactored.tsx(287,28): error TS7006: Parameter 'id' implicitly has an 'any' type.
src/App.refactored.tsx(287,32): error TS7006: Parameter 'updates' implicitly has an 'any' type.
src/App.refactored.tsx(328,11): error TS2322: Type '{ isOpen: any; onClose: any; onUpgrade: () => void; feature: any; message: any; }' is not assignable to type 'IntrinsicAttributes & UpgradePromptProps'.
  Property 'isOpen' does not exist on type 'IntrinsicAttributes & UpgradePromptProps'.
src/App.refactored.tsx(334,37): error TS2339: Property 'UNLIMITED_FOODS' does not exist on type '{ MONTHLY_PRICE: number; YEARLY_PRICE: number; MONTHLY_PRICE_DISPLAY: string; YEARLY_PRICE_DISPLAY: string; YEARLY_SAVINGS_PERCENT: number; TRIAL_DAYS: number; LAUNCH_DISCOUNT_PERCENT: number; ... 20 more ...; RECIPE_IMPORT_EXPORT: boolean; }'.
src/App.refactored.tsx(335,37): error TS2339: Property 'GENERIC_UPGRADE' does not exist on type '{ BARCODE_LIMIT: string; MEAL_SUGGESTION_LIMIT: string; HISTORICAL_DATA_LIMIT: string; CUSTOM_FOOD_LIMIT: string; CUSTOM_MEAL_LIMIT: string; EXPORT_LIMIT: string; MEAL_PLAN_LIMIT: string; UPGRADE_VALUE_PROP: string; LIMITED_TIME_OFFER: string; }'.
src/App.refactored.tsx(344,11): error TS2322: Type '{ type: "success"; message: string; dismissible: true; shareData: SharePayload | undefined; }' is not assignable to type 'IntrinsicAttributes & AlertProps'.
  Property 'dismissible' does not exist on type 'IntrinsicAttributes & AlertProps'.
src/App.tsx(37,68): error TS2307: Cannot find module '@utils/dataLimits' or its corresponding type declarations.
src/App.tsx(527,34): error TS18048: 'startW' is possibly 'undefined'.
src/App.tsx(531,41): error TS18048: 'startW' is possibly 'undefined'.
src/App.tsx(537,28): error TS18048: 'startW' is possibly 'undefined'.
src/App.tsx(540,13): error TS18048: 'startW' is possibly 'undefined'.
src/App.tsx(1076,76): error TS7006: Parameter 'item' implicitly has an 'any' type.
src/App.tsx(1300,15): error TS2322: Type '{ calorieTarget: number | null; isProfileComplete: boolean; apiKeyStatus: "ok" | "checking" | "missing"; apiKeyMissing: boolean; userName: string | null; onPlanGenerated: (planName: string | undefined) => void; }' is not assignable to type 'IntrinsicAttributes & MealPlannerComponentProps'.
  Property 'userName' does not exist on type 'IntrinsicAttributes & MealPlannerComponentProps'.
src/App.tsx(1395,9): error TS2353: Object literal may only specify known properties, and 'icon' does not exist in type 'GlobalSuccessPayload'.
src/App.tsx(1447,7): error TS2322: Type '(e: TouchEvent) => void' is not assignable to type 'TouchEventHandler<HTMLDivElement>'.
  Types of parameters 'e' and 'event' are incompatible.
    Type 'TouchEvent<HTMLDivElement>' is missing the following properties from type 'TouchEvent': which, initUIEvent, cancelBubble, composed, and 9 more.
src/App.tsx(1448,7): error TS2322: Type '(e: TouchEvent) => void' is not assignable to type 'TouchEventHandler<HTMLDivElement>'.
  Types of parameters 'e' and 'event' are incompatible.
    Type 'TouchEvent<HTMLDivElement>' is missing the following properties from type 'TouchEvent': which, initUIEvent, cancelBubble, composed, and 9 more.
src/App.tsx(1449,7): error TS2322: Type '(e: TouchEvent) => void' is not assignable to type 'TouchEventHandler<HTMLDivElement>'.
  Types of parameters 'e' and 'event' are incompatible.
    Type 'TouchEvent<HTMLDivElement>' is missing the following properties from type 'TouchEvent': which, initUIEvent, cancelBubble, composed, and 9 more.
src/App.tsx(1678,13): error TS2322: Type 'string | null | undefined' is not assignable to type 'string | undefined'.
  Type 'null' is not assignable to type 'string | undefined'.
src/hooks/useFoodLog.ts(59,25): error TS2339: Property 'date' does not exist on type 'FoodItem'.
src/hooks/useFoodLog.ts(59,44): error TS2339: Property 'isRetrospective' does not exist on type 'FoodItem'.
src/hooks/useFoodLog.ts(60,29): error TS2353: Object literal may only specify known properties, and 'isRetrospective' does not exist in type 'FoodItem'.
src/hooks/useFoodLog.ts(79,29): error TS2339: Property 'source' does not exist on type 'FoodItem'.
src/hooks/useFoodLog.ts(80,34): error TS2339: Property 'date' does not exist on type 'FoodItem'.
src/hooks/useFoodLog.ts(91,32): error TS2339: Property 'source' does not exist on type 'FoodItem'.
src/hooks/useUserProfile.ts(74,7): error TS2561: Object literal may only specify known properties, but 'targetWeightLbs' does not exist in type 'UserProfile'. Did you mean to write 'targetWeight'?
src/hooks/useUserProfile.ts(85,33): error TS2339: Property 'customProteinTarget' does not exist on type 'Partial<UserProfile>'.
src/hooks/useUserProfile.ts(86,31): error TS2551: Property 'customCarbTarget' does not exist on type 'Partial<UserProfile>'. Did you mean 'customMacroTargets'?
src/hooks/useUserProfile.ts(87,29): error TS2339: Property 'customFatTarget' does not exist on type 'Partial<UserProfile>'.
src/hooks/useWeightTracking.ts(40,7): error TS2561: Object literal may only specify known properties, but 'weightLbs' does not exist in type 'WeightEntry'. Did you mean to write 'weight'?
src/hooks/useWeightTracking.ts(56,27): error TS2339: Property 'TARGET_WEIGHT_REACHED' does not exist on type 'typeof MilestoneType'.
src/hooks/useWeightTracking.ts(72,27): error TS2339: Property 'WEIGHT_LOSS_MILESTONE' does not exist on type 'typeof MilestoneType'.
src/services/api/index.ts(32,5): error TS7053: Element implicitly has an 'any' type because expression of type '"Authorization"' can't be used to index type 'HeadersInit'.
  Property 'Authorization' does not exist on type 'HeadersInit'.
src/services/pdfExportService.ts(44,38): error TS2339: Property 'date' does not exist on type 'FoodItem'.
src/services/pdfExportService.ts(51,39): error TS2339: Property 'date' does not exist on type 'FoodItem'.
src/services/pdfExportService.ts(113,12): error TS2339: Property 'brand' does not exist on type 'FoodItem'.
src/services/stripeService.ts(62,5): error TS2353: Object literal may only specify known properties, and 'allowPromotion' does not exist in type 'RedirectToCheckoutOptions'.
tests/e2e/bulletproof-test.spec.ts(178,25): error TS2339: Property 'memory' does not exist on type 'Performance'.
tests/e2e/bulletproof-test.spec.ts(179,30): error TS2339: Property 'memory' does not exist on type 'Performance'.
tests/e2e/full-user-journey.spec.ts(86,7): error TS2304: Cannot find name 'context'.
tests/e2e/mobile-features.spec.ts(58,28): error TS2339: Property 'down' does not exist on type 'Touchscreen'.
tests/e2e/mobile-features.spec.ts(59,28): error TS2339: Property 'move' does not exist on type 'Touchscreen'.
tests/e2e/mobile-features.spec.ts(60,28): error TS2339: Property 'up' does not exist on type 'Touchscreen'.
tests/e2e/mobile-features.spec.ts(71,28): error TS2339: Property 'down' does not exist on type 'Touchscreen'.
tests/e2e/mobile-features.spec.ts(72,28): error TS2339: Property 'move' does not exist on type 'Touchscreen'.
tests/e2e/mobile-features.spec.ts(73,28): error TS2339: Property 'up' does not exist on type 'Touchscreen'.
tests/setup.ts(17,10): error TS2304: Cannot find name 'vi'.
tests/setup.ts(17,37): error TS7006: Parameter 'query' implicitly has an 'any' type.
tests/setup.ts(21,18): error TS2304: Cannot find name 'vi'.
tests/setup.ts(22,21): error TS2304: Cannot find name 'vi'.
tests/setup.ts(23,23): error TS2304: Cannot find name 'vi'.
tests/setup.ts(24,26): error TS2304: Cannot find name 'vi'.
tests/setup.ts(25,20): error TS2304: Cannot find name 'vi'.
tests/setup.ts(30,1): error TS2322: Type 'typeof IntersectionObserver' is not assignable to type '{ new (callback: IntersectionObserverCallback, options?: IntersectionObserverInit | undefined): IntersectionObserver; prototype: IntersectionObserver; }'.
  Types of property 'prototype' are incompatible.
    Type 'IntersectionObserver' is missing the following properties from type 'IntersectionObserver': root, rootMargin, thresholds, takeRecords
tests/unit/UserProfileForm.test.tsx(11,5): error TS2322: Type 'number' is not assignable to type '{ ft: number | null; in: number | null; }'.
vite.config.ts(24,13): error TS2561: Object literal may only specify known properties, but 'sourceMaps' does not exist in type 'Options'. Did you mean to write 'sourcemaps'?
